Using pre-set license
Built from '2020.3/release' branch; Version is '2020.3.31f1 (6b54b7616050) revision 7034039'; Using compiler version '192528614'; Build Type 'Release'
OS: 'Windows 11  (10.0.22000) 64bit Core' Language: 'en' Physical Memory: 32590 MB
BatchMode: 1, IsHumanControllingUs: 0, StartBugReporterOnCrash: 0, Is64bit: 1, IsPro: 0

COMMAND LINE ARGUMENTS:
C:\Program Files\Unity\Hub\Editor\2020.3.31f1\Editor\Unity.exe
-adb2
-batchMode
-noUpm
-name
AssetImportWorker0
-projectPath
C:/Users/judec/Documents/GitHub/Heart-Beat-Em-Up/HeartBeatEmUp
-logFile
Logs/AssetImportWorker0.log
-srvPort
49439
Successfully changed project path to: C:/Users/judec/Documents/GitHub/Heart-Beat-Em-Up/HeartBeatEmUp
C:/Users/judec/Documents/GitHub/Heart-Beat-Em-Up/HeartBeatEmUp
Using Asset Import Pipeline V2.
Refreshing native plugins compatible for Editor in 37.44 ms, found 2 plugins.
Preloading 0 native plugins for Editor in 0.00 ms.
Initialize engine version: 2020.3.31f1 (6b54b7616050)
[Subsystems] Discovering subsystems at path C:/Program Files/Unity/Hub/Editor/2020.3.31f1/Editor/Data/Resources/UnitySubsystems
[Subsystems] Discovering subsystems at path C:/Users/judec/Documents/GitHub/Heart-Beat-Em-Up/HeartBeatEmUp/Assets
GfxDevice: creating device client; threaded=0
Direct3D:
    Version:  Direct3D 11.0 [level 11.1]
    Renderer: NVIDIA GeForce RTX 2070 (ID=0x1f07)
    Vendor:   
    VRAM:     8031 MB
    Driver:   30.0.14.9729
Initialize mono
Mono path[0] = 'C:/Program Files/Unity/Hub/Editor/2020.3.31f1/Editor/Data/Managed'
Mono path[1] = 'C:/Program Files/Unity/Hub/Editor/2020.3.31f1/Editor/Data/MonoBleedingEdge/lib/mono/unityjit'
Mono config path = 'C:/Program Files/Unity/Hub/Editor/2020.3.31f1/Editor/Data/MonoBleedingEdge/etc'
Using monoOptions --debugger-agent=transport=dt_socket,embedding=1,server=y,suspend=n,address=127.0.0.1:56968
Begin MonoManager ReloadAssembly
Registering precompiled unity dll's ...
Register platform support module: C:/Program Files/Unity/Hub/Editor/2020.3.31f1/Editor/Data/PlaybackEngines/WebGLSupport/UnityEditor.WebGL.Extensions.dll
Register platform support module: C:/Program Files/Unity/Hub/Editor/2020.3.31f1/Editor/Data/PlaybackEngines/WindowsStandaloneSupport/UnityEditor.WindowsStandalone.Extensions.dll
Registered in 0.001614 seconds.
Native extension for WindowsStandalone target not found
Native extension for WebGL target not found
Refreshing native plugins compatible for Editor in 30.16 ms, found 2 plugins.
Preloading 0 native plugins for Editor in 0.00 ms.
Mono: successfully reloaded assembly
- Completed reload, in  0.549 seconds
Domain Reload Profiling:
	ReloadAssembly (549ms)
		BeginReloadAssembly (66ms)
			ExecutionOrderSort (0ms)
			DisableScriptedObjects (0ms)
			BackupInstance (0ms)
			ReleaseScriptingObjects (0ms)
			CreateAndSetChildDomain (1ms)
		EndReloadAssembly (415ms)
			LoadAssemblies (64ms)
			RebuildTransferFunctionScriptingTraits (0ms)
			SetupTypeCache (143ms)
			ReleaseScriptCaches (0ms)
			RebuildScriptCaches (28ms)
			SetupLoadedEditorAssemblies (144ms)
				LogAssemblyErrors (0ms)
				InitializePlatformSupportModulesInManaged (5ms)
				SetLoadedEditorAssemblies (0ms)
				RefreshPlugins (30ms)
				BeforeProcessingInitializeOnLoad (7ms)
				ProcessInitializeOnLoadAttributes (75ms)
				ProcessInitializeOnLoadMethodAttributes (26ms)
				AfterProcessingInitializeOnLoad (0ms)
				EditorAssembliesLoaded (0ms)
			ExecutionOrderSort2 (0ms)
			AwakeInstancesAfterBackupRestoration (0ms)
Platform modules already initialized, skipping
Registering precompiled user dll's ...
Registered in 0.002506 seconds.
Begin MonoManager ReloadAssembly
Native extension for WindowsStandalone target not found
Native extension for WebGL target not found
Refreshing native plugins compatible for Editor in 39.09 ms, found 2 plugins.
Preloading 0 native plugins for Editor in 0.00 ms.
Mono: successfully reloaded assembly
- Completed reload, in  1.170 seconds
Domain Reload Profiling:
	ReloadAssembly (1172ms)
		BeginReloadAssembly (153ms)
			ExecutionOrderSort (0ms)
			DisableScriptedObjects (4ms)
			BackupInstance (0ms)
			ReleaseScriptingObjects (0ms)
			CreateAndSetChildDomain (24ms)
		EndReloadAssembly (946ms)
			LoadAssemblies (85ms)
			RebuildTransferFunctionScriptingTraits (0ms)
			SetupTypeCache (323ms)
			ReleaseScriptCaches (1ms)
			RebuildScriptCaches (45ms)
			SetupLoadedEditorAssemblies (341ms)
				LogAssemblyErrors (0ms)
				InitializePlatformSupportModulesInManaged (5ms)
				SetLoadedEditorAssemblies (0ms)
				RefreshPlugins (39ms)
				BeforeProcessingInitializeOnLoad (65ms)
				ProcessInitializeOnLoadAttributes (205ms)
				ProcessInitializeOnLoadMethodAttributes (19ms)
				AfterProcessingInitializeOnLoad (8ms)
				EditorAssembliesLoaded (0ms)
			ExecutionOrderSort2 (0ms)
			AwakeInstancesAfterBackupRestoration (11ms)
Platform modules already initialized, skipping
========================================================================
Worker process is ready to serve import requests
Launched and connected shader compiler UnityShaderCompiler.exe after 0.09 seconds
Refreshing native plugins compatible for Editor in 0.62 ms, found 2 plugins.
Preloading 0 native plugins for Editor in 0.00 ms.
Unloading 1635 Unused Serialized files (Serialized files now loaded: 0)
System memory in use before: 74.5 MB.
System memory in use after: 74.5 MB.

Unloading 19 unused Assets to reduce memory usage. Loaded Objects now: 2075.
Total: 3.561400 ms (FindLiveObjects: 0.156400 ms CreateObjectMapping: 0.079000 ms MarkObjects: 3.244700 ms  DeleteObjects: 0.080400 ms)

AssetImportParameters requested are different than current active one (requested -> active):
  custom:framework-win-MediaFoundation: 216162199b28c13a410421893ffa2e32 -> 
  custom:video-decoder-ogg-theora: a1e56fd34408186e4bbccfd4996cb3dc -> 
  custom:container-muxer-webm: aa71ff27fc2769a1b78a27578f13a17b -> 
  custom:container-demuxer-webm: 4f35f7cbe854078d1ac9338744f61a02 -> 
  custom:container-demuxer-ogg: 62fdf1f143b41e24485cea50d1cbac27 -> 
  custom:video-encoder-webm-vp8: eb34c28f22e8b96e1ab97ce403110664 -> 
  custom:video-codec-MediaFoundation-h265: 746d11721c4dcdbdad8f713fa42b33f4 -> 
  custom:video-decoder-webm-vp8: 9c59270c3fd7afecdb556c50c9e8de78 -> 
  custom:audio-decoder-ogg-vorbis: bf7c407c2cedff20999df2af8eb42d56 -> 
  custom:audio-encoder-webm-vorbis: bf7c407c2cedff20999df2af8eb42d56 -> 
========================================================================
Received Import Request.
  path: Assets/Scripts/animatorplay.cs
  artifactKey: Guid(32818010dc94552448ae5bcc560e71d0) Importer(815301076,1909f56bfc062723c751e8b465ee728b)
Start importing Assets/Scripts/animatorplay.cs using Guid(32818010dc94552448ae5bcc560e71d0) Importer(815301076,1909f56bfc062723c751e8b465ee728b)  -> (artifact id: '441e49dd4130cb7efaccc52e52a76328') in 0.040650 seconds 
========================================================================
Received Prepare
Registering precompiled user dll's ...
Registered in 0.003639 seconds.
Begin MonoManager ReloadAssembly
Native extension for WindowsStandalone target not found
Native extension for WebGL target not found
Refreshing native plugins compatible for Editor in 0.34 ms, found 2 plugins.
Preloading 0 native plugins for Editor in 0.00 ms.
Mono: successfully reloaded assembly
- Completed reload, in  0.824 seconds
Domain Reload Profiling:
	ReloadAssembly (825ms)
		BeginReloadAssembly (107ms)
			ExecutionOrderSort (0ms)
			DisableScriptedObjects (4ms)
			BackupInstance (0ms)
			ReleaseScriptingObjects (0ms)
			CreateAndSetChildDomain (31ms)
		EndReloadAssembly (667ms)
			LoadAssemblies (80ms)
			RebuildTransferFunctionScriptingTraits (0ms)
			SetupTypeCache (236ms)
			ReleaseScriptCaches (1ms)
			RebuildScriptCaches (36ms)
			SetupLoadedEditorAssemblies (241ms)
				LogAssemblyErrors (0ms)
				InitializePlatformSupportModulesInManaged (5ms)
				SetLoadedEditorAssemblies (0ms)
				RefreshPlugins (0ms)
				BeforeProcessingInitializeOnLoad (53ms)
				ProcessInitializeOnLoadAttributes (169ms)
				ProcessInitializeOnLoadMethodAttributes (10ms)
				AfterProcessingInitializeOnLoad (4ms)
				EditorAssembliesLoaded (0ms)
			ExecutionOrderSort2 (0ms)
			AwakeInstancesAfterBackupRestoration (5ms)
Platform modules already initialized, skipping
Refreshing native plugins compatible for Editor in 0.35 ms, found 2 plugins.
Preloading 0 native plugins for Editor in 0.00 ms.
Unloading 1630 Unused Serialized files (Serialized files now loaded: 0)
System memory in use before: 74.4 MB.
System memory in use after: 74.5 MB.

Unloading 14 unused Assets to reduce memory usage. Loaded Objects now: 2078.
Total: 2.928700 ms (FindLiveObjects: 0.121700 ms CreateObjectMapping: 0.039900 ms MarkObjects: 2.718700 ms  DeleteObjects: 0.047500 ms)

AssetImportParameters requested are different than current active one (requested -> active):
  custom:framework-win-MediaFoundation: 216162199b28c13a410421893ffa2e32 -> 
  custom:video-decoder-ogg-theora: a1e56fd34408186e4bbccfd4996cb3dc -> 
  custom:container-muxer-webm: aa71ff27fc2769a1b78a27578f13a17b -> 
  custom:container-demuxer-webm: 4f35f7cbe854078d1ac9338744f61a02 -> 
  custom:container-demuxer-ogg: 62fdf1f143b41e24485cea50d1cbac27 -> 
  custom:video-encoder-webm-vp8: eb34c28f22e8b96e1ab97ce403110664 -> 
  custom:video-codec-MediaFoundation-h265: 746d11721c4dcdbdad8f713fa42b33f4 -> 
  custom:video-decoder-webm-vp8: 9c59270c3fd7afecdb556c50c9e8de78 -> 
  custom:audio-decoder-ogg-vorbis: bf7c407c2cedff20999df2af8eb42d56 -> 
  custom:audio-encoder-webm-vorbis: bf7c407c2cedff20999df2af8eb42d56 -> 
========================================================================
Received Import Request.
  Time since last request: 370.888390 seconds.
  path: Assets/Scripts/animatorplay.cs
  artifactKey: Guid(32818010dc94552448ae5bcc560e71d0) Importer(815301076,1909f56bfc062723c751e8b465ee728b)
Start importing Assets/Scripts/animatorplay.cs using Guid(32818010dc94552448ae5bcc560e71d0) Importer(815301076,1909f56bfc062723c751e8b465ee728b)  -> (artifact id: '3de4378a6a97d8d1270e570660d413d0') in 0.004124 seconds 
========================================================================
Received Import Request.
  Time since last request: 140.888849 seconds.
  path: Assets/Scripts/HealthBar.cs
  artifactKey: Guid(fbb19eca5228a2e42a99d04fedd1970c) Importer(815301076,1909f56bfc062723c751e8b465ee728b)
Start importing Assets/Scripts/HealthBar.cs using Guid(fbb19eca5228a2e42a99d04fedd1970c) Importer(815301076,1909f56bfc062723c751e8b465ee728b)  -> (artifact id: 'b46b5dd1cf8bb4fbd65c9417f74ef50d') in 0.006407 seconds 
========================================================================
Received Prepare
Registering precompiled user dll's ...
Registered in 0.002353 seconds.
Begin MonoManager ReloadAssembly
Native extension for WindowsStandalone target not found
Native extension for WebGL target not found
Refreshing native plugins compatible for Editor in 0.35 ms, found 2 plugins.
Preloading 0 native plugins for Editor in 0.00 ms.
Mono: successfully reloaded assembly
- Completed reload, in  0.809 seconds
Domain Reload Profiling:
	ReloadAssembly (809ms)
		BeginReloadAssembly (100ms)
			ExecutionOrderSort (0ms)
			DisableScriptedObjects (4ms)
			BackupInstance (0ms)
			ReleaseScriptingObjects (0ms)
			CreateAndSetChildDomain (29ms)
		EndReloadAssembly (657ms)
			LoadAssemblies (79ms)
			RebuildTransferFunctionScriptingTraits (0ms)
			SetupTypeCache (238ms)
			ReleaseScriptCaches (1ms)
			RebuildScriptCaches (34ms)
			SetupLoadedEditorAssemblies (234ms)
				LogAssemblyErrors (0ms)
				InitializePlatformSupportModulesInManaged (5ms)
				SetLoadedEditorAssemblies (0ms)
				RefreshPlugins (0ms)
				BeforeProcessingInitializeOnLoad (45ms)
				ProcessInitializeOnLoadAttributes (169ms)
				ProcessInitializeOnLoadMethodAttributes (10ms)
				AfterProcessingInitializeOnLoad (4ms)
				EditorAssembliesLoaded (0ms)
			ExecutionOrderSort2 (0ms)
			AwakeInstancesAfterBackupRestoration (5ms)
Platform modules already initialized, skipping
Refreshing native plugins compatible for Editor in 0.59 ms, found 2 plugins.
Preloading 0 native plugins for Editor in 0.00 ms.
Unloading 1631 Unused Serialized files (Serialized files now loaded: 0)
System memory in use before: 74.5 MB.
System memory in use after: 74.5 MB.

Unloading 14 unused Assets to reduce memory usage. Loaded Objects now: 2082.
Total: 2.407000 ms (FindLiveObjects: 0.129600 ms CreateObjectMapping: 0.040800 ms MarkObjects: 2.189800 ms  DeleteObjects: 0.046300 ms)

AssetImportParameters requested are different than current active one (requested -> active):
  custom:framework-win-MediaFoundation: 216162199b28c13a410421893ffa2e32 -> 
  custom:video-decoder-ogg-theora: a1e56fd34408186e4bbccfd4996cb3dc -> 
  custom:container-muxer-webm: aa71ff27fc2769a1b78a27578f13a17b -> 
  custom:container-demuxer-webm: 4f35f7cbe854078d1ac9338744f61a02 -> 
  custom:container-demuxer-ogg: 62fdf1f143b41e24485cea50d1cbac27 -> 
  custom:video-encoder-webm-vp8: eb34c28f22e8b96e1ab97ce403110664 -> 
  custom:video-codec-MediaFoundation-h265: 746d11721c4dcdbdad8f713fa42b33f4 -> 
  custom:video-decoder-webm-vp8: 9c59270c3fd7afecdb556c50c9e8de78 -> 
  custom:audio-decoder-ogg-vorbis: bf7c407c2cedff20999df2af8eb42d56 -> 
  custom:audio-encoder-webm-vorbis: bf7c407c2cedff20999df2af8eb42d56 -> 
========================================================================
Received Import Request.
  Time since last request: 3746.449805 seconds.
  path: Assets/Scenes/SampleScene.unity
  artifactKey: Guid(2cda990e2423bbf4892e6590ba056729) Importer(815301076,1909f56bfc062723c751e8b465ee728b)
Start importing Assets/Scenes/SampleScene.unity using Guid(2cda990e2423bbf4892e6590ba056729) Importer(815301076,1909f56bfc062723c751e8b465ee728b)  -> (artifact id: '7af0622758e88400207905113a8cdb43') in 0.008038 seconds 
========================================================================
Received Import Request.
  Time since last request: 6.813821 seconds.
  path: Assets/Beautiful Progress Bar Free - CYKO
  artifactKey: Guid(2c1a90bf951e70f4e956286fb92264db) Importer(815301076,1909f56bfc062723c751e8b465ee728b)
Start importing Assets/Beautiful Progress Bar Free - CYKO using Guid(2c1a90bf951e70f4e956286fb92264db) Importer(815301076,1909f56bfc062723c751e8b465ee728b)  -> (artifact id: 'da2f164d10bd0350ab7671535ea4156d') in 0.007390 seconds 
========================================================================
Received Import Request.
  Time since last request: 1.286422 seconds.
  path: Assets/Beautiful Progress Bar Free - CYKO/Scenes
  artifactKey: Guid(2c8efd9d0f2654d18a296adf90722a7f) Importer(815301076,1909f56bfc062723c751e8b465ee728b)
Start importing Assets/Beautiful Progress Bar Free - CYKO/Scenes using Guid(2c8efd9d0f2654d18a296adf90722a7f) Importer(815301076,1909f56bfc062723c751e8b465ee728b)  -> (artifact id: 'a3fea4855a35e15a6d85195acfafc198') in 0.006705 seconds 
========================================================================
Received Import Request.
  Time since last request: 0.862421 seconds.
  path: Assets/Beautiful Progress Bar Free - CYKO/Scenes/DemoScene.unity
  artifactKey: Guid(8027685d204d9834bb2781851194a75d) Importer(815301076,1909f56bfc062723c751e8b465ee728b)
Start importing Assets/Beautiful Progress Bar Free - CYKO/Scenes/DemoScene.unity using Guid(8027685d204d9834bb2781851194a75d) Importer(815301076,1909f56bfc062723c751e8b465ee728b)  -> (artifact id: '049760fe26e824b3a97dc8c8cdf53b00') in 0.006674 seconds 
========================================================================
Received Import Request.
  Time since last request: 6.872245 seconds.
  path: Assets/Beautiful Progress Bar Free - CYKO/Scripts
  artifactKey: Guid(4ef5e874d03c74a52abc0f795af774da) Importer(815301076,1909f56bfc062723c751e8b465ee728b)
Start importing Assets/Beautiful Progress Bar Free - CYKO/Scripts using Guid(4ef5e874d03c74a52abc0f795af774da) Importer(815301076,1909f56bfc062723c751e8b465ee728b)  -> (artifact id: '04bf37bbadddf015811bbd2feb742f9e') in 0.006229 seconds 
========================================================================
Received Import Request.
  Time since last request: 3.166468 seconds.
  path: Assets/Beautiful Progress Bar Free - CYKO/PROGRESS UI
  artifactKey: Guid(fcbf7a57e575944e8847f9ed5c5a5427) Importer(815301076,1909f56bfc062723c751e8b465ee728b)
Start importing Assets/Beautiful Progress Bar Free - CYKO/PROGRESS UI using Guid(fcbf7a57e575944e8847f9ed5c5a5427) Importer(815301076,1909f56bfc062723c751e8b465ee728b)  -> (artifact id: '1384c46f6027b2e9e15cc78b640fbf63') in 0.006625 seconds 
========================================================================
Received Import Request.
  Time since last request: 0.059802 seconds.
  path: Assets/Beautiful Progress Bar Free - CYKO/PROGRESS UI/bgArtboard 12.png
  artifactKey: Guid(269491d773faa4b78aa9c1d4c6a1a897) Importer(815301076,1909f56bfc062723c751e8b465ee728b)
Start importing Assets/Beautiful Progress Bar Free - CYKO/PROGRESS UI/bgArtboard 12.png using Guid(269491d773faa4b78aa9c1d4c6a1a897) Importer(815301076,1909f56bfc062723c751e8b465ee728b)  -> (artifact id: '61284360f82501d3ad0e2909894b3b18') in 0.111510 seconds 
========================================================================
Received Import Request.
  Time since last request: 0.000242 seconds.
  path: Assets/Beautiful Progress Bar Free - CYKO/PROGRESS UI/bgArtboard 22.png
  artifactKey: Guid(11b5063e11cde4680a094a9bbca13383) Importer(815301076,1909f56bfc062723c751e8b465ee728b)
Start importing Assets/Beautiful Progress Bar Free - CYKO/PROGRESS UI/bgArtboard 22.png using Guid(11b5063e11cde4680a094a9bbca13383) Importer(815301076,1909f56bfc062723c751e8b465ee728b)  -> (artifact id: '46ba3f3c7bf0f3e378ea61ef975a0407') in 0.013355 seconds 
========================================================================
Received Import Request.
  Time since last request: 0.000194 seconds.
  path: Assets/Beautiful Progress Bar Free - CYKO/PROGRESS UI/bgArtboard 36.png
  artifactKey: Guid(4567951899c584cf3ab8802d30151419) Importer(815301076,1909f56bfc062723c751e8b465ee728b)
Start importing Assets/Beautiful Progress Bar Free - CYKO/PROGRESS UI/bgArtboard 36.png using Guid(4567951899c584cf3ab8802d30151419) Importer(815301076,1909f56bfc062723c751e8b465ee728b)  -> (artifact id: '397ea9aa8dabbe49bc635c1332a3872a') in 0.011622 seconds 
========================================================================
Received Import Request.
  Time since last request: 0.000189 seconds.
  path: Assets/Beautiful Progress Bar Free - CYKO/PROGRESS UI/bgArtboard 44.png
  artifactKey: Guid(80a171cbfd68547d5a2e2883e8e4298a) Importer(815301076,1909f56bfc062723c751e8b465ee728b)
Start importing Assets/Beautiful Progress Bar Free - CYKO/PROGRESS UI/bgArtboard 44.png using Guid(80a171cbfd68547d5a2e2883e8e4298a) Importer(815301076,1909f56bfc062723c751e8b465ee728b)  -> (artifact id: '0ea0b35b92e568c5c2a01793dbb5a18d') in 0.011407 seconds 
========================================================================
Received Import Request.
  Time since last request: 0.000201 seconds.
  path: Assets/Beautiful Progress Bar Free - CYKO/PROGRESS UI/bgArtboard 43.png
  artifactKey: Guid(2fa92686878964789b9db224a1d07ff0) Importer(815301076,1909f56bfc062723c751e8b465ee728b)
Start importing Assets/Beautiful Progress Bar Free - CYKO/PROGRESS UI/bgArtboard 43.png using Guid(2fa92686878964789b9db224a1d07ff0) Importer(815301076,1909f56bfc062723c751e8b465ee728b)  -> (artifact id: '2ef1e2d93582fe09eec132a18cc8bc19') in 0.010644 seconds 
========================================================================
Received Import Request.
  Time since last request: 0.000244 seconds.
  path: Assets/Beautiful Progress Bar Free - CYKO/PROGRESS UI/bgArtboard 46.png
  artifactKey: Guid(fc1d707607d8245fea78c6010b642e84) Importer(815301076,1909f56bfc062723c751e8b465ee728b)
Start importing Assets/Beautiful Progress Bar Free - CYKO/PROGRESS UI/bgArtboard 46.png using Guid(fc1d707607d8245fea78c6010b642e84) Importer(815301076,1909f56bfc062723c751e8b465ee728b)  -> (artifact id: 'b93fd8d12095fd27f834a9da4a051562') in 0.011305 seconds 
========================================================================
Received Import Request.
  Time since last request: 0.000244 seconds.
  path: Assets/Beautiful Progress Bar Free - CYKO/PROGRESS UI/bgArtboard 33.png
  artifactKey: Guid(cc0b4b8834ee549f49b374ca8c5d7f15) Importer(815301076,1909f56bfc062723c751e8b465ee728b)
Start importing Assets/Beautiful Progress Bar Free - CYKO/PROGRESS UI/bgArtboard 33.png using Guid(cc0b4b8834ee549f49b374ca8c5d7f15) Importer(815301076,1909f56bfc062723c751e8b465ee728b)  -> (artifact id: 'f70b1a3dccdfd8db67e8c25bef61cf60') in 0.011460 seconds 
========================================================================
Received Import Request.
  Time since last request: 0.000208 seconds.
  path: Assets/Beautiful Progress Bar Free - CYKO/PROGRESS UI/bgArtboard 27.png
  artifactKey: Guid(1ba37af43c4904ef19390e750cd57dda) Importer(815301076,1909f56bfc062723c751e8b465ee728b)
Start importing Assets/Beautiful Progress Bar Free - CYKO/PROGRESS UI/bgArtboard 27.png using Guid(1ba37af43c4904ef19390e750cd57dda) Importer(815301076,1909f56bfc062723c751e8b465ee728b)  -> (artifact id: '7c85cd8500121f81723eb7b32db16f0d') in 0.010882 seconds 
========================================================================
Received Import Request.
  Time since last request: 0.000218 seconds.
  path: Assets/Beautiful Progress Bar Free - CYKO/PROGRESS UI/bgArtboard 24.png
  artifactKey: Guid(10725fadd69e24802bd736ccc64a1f27) Importer(815301076,1909f56bfc062723c751e8b465ee728b)
Start importing Assets/Beautiful Progress Bar Free - CYKO/PROGRESS UI/bgArtboard 24.png using Guid(10725fadd69e24802bd736ccc64a1f27) Importer(815301076,1909f56bfc062723c751e8b465ee728b)  -> (artifact id: '1bb2fc3e9bcb128c5461f3e4e2e669e3') in 0.009888 seconds 
========================================================================
Received Import Request.
  Time since last request: 0.000252 seconds.
  path: Assets/Beautiful Progress Bar Free - CYKO/PROGRESS UI/bgArtboard 41.png
  artifactKey: Guid(54166cd4ebe844d89a6fbe1048dde221) Importer(815301076,1909f56bfc062723c751e8b465ee728b)
Start importing Assets/Beautiful Progress Bar Free - CYKO/PROGRESS UI/bgArtboard 41.png using Guid(54166cd4ebe844d89a6fbe1048dde221) Importer(815301076,1909f56bfc062723c751e8b465ee728b)  -> (artifact id: 'f970a13631a47a0abf67edcfbacc44bf') in 0.010600 seconds 
========================================================================
Received Import Request.
  Time since last request: 0.000248 seconds.
  path: Assets/Beautiful Progress Bar Free - CYKO/PROGRESS UI/bgArtboard 51.png
  artifactKey: Guid(a228e86e21dff472bb174d51ea9a25ca) Importer(815301076,1909f56bfc062723c751e8b465ee728b)
Start importing Assets/Beautiful Progress Bar Free - CYKO/PROGRESS UI/bgArtboard 51.png using Guid(a228e86e21dff472bb174d51ea9a25ca) Importer(815301076,1909f56bfc062723c751e8b465ee728b)  -> (artifact id: 'face4c762adcfd8a0210e5e2695c3e4a') in 0.011028 seconds 
========================================================================
Received Import Request.
  Time since last request: 0.000215 seconds.
  path: Assets/Beautiful Progress Bar Free - CYKO/PROGRESS UI/bgArtboard 16.png
  artifactKey: Guid(bbe9a3f4ac90044af84ac836bcb9b802) Importer(815301076,1909f56bfc062723c751e8b465ee728b)
Start importing Assets/Beautiful Progress Bar Free - CYKO/PROGRESS UI/bgArtboard 16.png using Guid(bbe9a3f4ac90044af84ac836bcb9b802) Importer(815301076,1909f56bfc062723c751e8b465ee728b)  -> (artifact id: '3a3f738a2ff0300ed9872bc7c136d97c') in 0.011199 seconds 
========================================================================
Received Import Request.
  Time since last request: 0.000235 seconds.
  path: Assets/Beautiful Progress Bar Free - CYKO/PROGRESS UI/bgArtboard 14.png
  artifactKey: Guid(bd822fe2366ff4c479740a6ea6329a95) Importer(815301076,1909f56bfc062723c751e8b465ee728b)
Start importing Assets/Beautiful Progress Bar Free - CYKO/PROGRESS UI/bgArtboard 14.png using Guid(bd822fe2366ff4c479740a6ea6329a95) Importer(815301076,1909f56bfc062723c751e8b465ee728b)  -> (artifact id: '75ed963cccc0343941a5d280b3bdecc6') in 0.011103 seconds 
========================================================================
Received Import Request.
  Time since last request: 0.000262 seconds.
  path: Assets/Beautiful Progress Bar Free - CYKO/PROGRESS UI/bgArtboard 35.png
  artifactKey: Guid(991591899a349418aa5296494a8ff3fc) Importer(815301076,1909f56bfc062723c751e8b465ee728b)
Start importing Assets/Beautiful Progress Bar Free - CYKO/PROGRESS UI/bgArtboard 35.png using Guid(991591899a349418aa5296494a8ff3fc) Importer(815301076,1909f56bfc062723c751e8b465ee728b)  -> (artifact id: '0318123eeeade714f90e1bd21783bf35') in 0.010483 seconds 
========================================================================
Received Import Request.
  Time since last request: 0.000296 seconds.
  path: Assets/Beautiful Progress Bar Free - CYKO/PROGRESS UI/bgArtboard 32.png
  artifactKey: Guid(ed36bd247342749da865b1fab6cd2650) Importer(815301076,1909f56bfc062723c751e8b465ee728b)
Start importing Assets/Beautiful Progress Bar Free - CYKO/PROGRESS UI/bgArtboard 32.png using Guid(ed36bd247342749da865b1fab6cd2650) Importer(815301076,1909f56bfc062723c751e8b465ee728b)  -> (artifact id: 'e5fa5b61d3d18ac245071b52d6169828') in 0.010363 seconds 
========================================================================
Received Import Request.
  Time since last request: 0.000222 seconds.
  path: Assets/Beautiful Progress Bar Free - CYKO/PROGRESS UI/bgArtboard 26.png
  artifactKey: Guid(9ccc3770b652045d28b4e270fe7f1063) Importer(815301076,1909f56bfc062723c751e8b465ee728b)
Start importing Assets/Beautiful Progress Bar Free - CYKO/PROGRESS UI/bgArtboard 26.png using Guid(9ccc3770b652045d28b4e270fe7f1063) Importer(815301076,1909f56bfc062723c751e8b465ee728b)  -> (artifact id: 'a170ef0275d275d55b81bc33a21a9505') in 0.011319 seconds 
========================================================================
Received Import Request.
  Time since last request: 0.000821 seconds.
  path: Assets/Beautiful Progress Bar Free - CYKO/PROGRESS UI/bgArtboard 31.png
  artifactKey: Guid(ba339f00c0b6d4d8d9dd8f5304ea9eea) Importer(815301076,1909f56bfc062723c751e8b465ee728b)
Start importing Assets/Beautiful Progress Bar Free - CYKO/PROGRESS UI/bgArtboard 31.png using Guid(ba339f00c0b6d4d8d9dd8f5304ea9eea) Importer(815301076,1909f56bfc062723c751e8b465ee728b)  -> (artifact id: '0bbcca10ab32312b6751c093dd0bf49a') in 0.010035 seconds 
========================================================================
Received Import Request.
  Time since last request: 0.000207 seconds.
  path: Assets/Beautiful Progress Bar Free - CYKO/PROGRESS UI/bgArtboard 45.png
  artifactKey: Guid(8f4461725bff34943aff06332c177415) Importer(815301076,1909f56bfc062723c751e8b465ee728b)
Start importing Assets/Beautiful Progress Bar Free - CYKO/PROGRESS UI/bgArtboard 45.png using Guid(8f4461725bff34943aff06332c177415) Importer(815301076,1909f56bfc062723c751e8b465ee728b)  -> (artifact id: '1a71b006be45478076201a2173d306ca') in 0.010785 seconds 
========================================================================
Received Import Request.
  Time since last request: 0.000217 seconds.
  path: Assets/Beautiful Progress Bar Free - CYKO/PROGRESS UI/bgArtboard 28.png
  artifactKey: Guid(d805bfdd935b34ca282b122c888030d7) Importer(815301076,1909f56bfc062723c751e8b465ee728b)
Start importing Assets/Beautiful Progress Bar Free - CYKO/PROGRESS UI/bgArtboard 28.png using Guid(d805bfdd935b34ca282b122c888030d7) Importer(815301076,1909f56bfc062723c751e8b465ee728b)  -> (artifact id: '7406af6bcb21e8a1352c4005bc7eac14') in 0.010587 seconds 
========================================================================
Received Import Request.
  Time since last request: 0.000172 seconds.
  path: Assets/Beautiful Progress Bar Free - CYKO/PROGRESS UI/bgArtboard 52.png
  artifactKey: Guid(e956bfda45a1e407795ec4fbf7efe07b) Importer(815301076,1909f56bfc062723c751e8b465ee728b)
Start importing Assets/Beautiful Progress Bar Free - CYKO/PROGRESS UI/bgArtboard 52.png using Guid(e956bfda45a1e407795ec4fbf7efe07b) Importer(815301076,1909f56bfc062723c751e8b465ee728b)  -> (artifact id: 'ae010759c807fd7602a8eaef38fe75cd') in 0.010210 seconds 
========================================================================
Received Import Request.
  Time since last request: 0.000141 seconds.
  path: Assets/Beautiful Progress Bar Free - CYKO/PROGRESS UI/bgArtboard 50.png
  artifactKey: Guid(2cf8a98f9c05b47df8819a7cb9acf209) Importer(815301076,1909f56bfc062723c751e8b465ee728b)
Start importing Assets/Beautiful Progress Bar Free - CYKO/PROGRESS UI/bgArtboard 50.png using Guid(2cf8a98f9c05b47df8819a7cb9acf209) Importer(815301076,1909f56bfc062723c751e8b465ee728b)  -> (artifact id: '324e4b41ebc935af55180a58072bd159') in 0.010386 seconds 
========================================================================
Received Import Request.
  Time since last request: 0.000273 seconds.
  path: Assets/Beautiful Progress Bar Free - CYKO/PROGRESS UI/bgArtboard 20.png
  artifactKey: Guid(9a7c20816c5ab45cc9d51d2c91e69fd7) Importer(815301076,1909f56bfc062723c751e8b465ee728b)
Start importing Assets/Beautiful Progress Bar Free - CYKO/PROGRESS UI/bgArtboard 20.png using Guid(9a7c20816c5ab45cc9d51d2c91e69fd7) Importer(815301076,1909f56bfc062723c751e8b465ee728b)  -> (artifact id: '94f34752102983fd7c305e024c755519') in 0.010662 seconds 
========================================================================
Received Import Request.
  Time since last request: 0.000264 seconds.
  path: Assets/Beautiful Progress Bar Free - CYKO/PROGRESS UI/bgArtboard 17.png
  artifactKey: Guid(5f8d6c803befb44bc89c118436018629) Importer(815301076,1909f56bfc062723c751e8b465ee728b)
Start importing Assets/Beautiful Progress Bar Free - CYKO/PROGRESS UI/bgArtboard 17.png using Guid(5f8d6c803befb44bc89c118436018629) Importer(815301076,1909f56bfc062723c751e8b465ee728b)  -> (artifact id: 'e4829ae5715aba61cb274bd0f5fef5b4') in 0.010081 seconds 
========================================================================
Received Import Request.
  Time since last request: 0.000183 seconds.
  path: Assets/Beautiful Progress Bar Free - CYKO/PROGRESS UI/bgArtboard 23.png
  artifactKey: Guid(b47fd4db63bf94c06b15f3f388675144) Importer(815301076,1909f56bfc062723c751e8b465ee728b)
Start importing Assets/Beautiful Progress Bar Free - CYKO/PROGRESS UI/bgArtboard 23.png using Guid(b47fd4db63bf94c06b15f3f388675144) Importer(815301076,1909f56bfc062723c751e8b465ee728b)  -> (artifact id: 'ce97b4df1e87973ce99ff3f792ef2f90') in 0.011213 seconds 
========================================================================
Received Import Request.
  Time since last request: 0.000170 seconds.
  path: Assets/Beautiful Progress Bar Free - CYKO/PROGRESS UI/bgArtboard 18.png
  artifactKey: Guid(47c23340812b24864af395feca4c3a9d) Importer(815301076,1909f56bfc062723c751e8b465ee728b)
Start importing Assets/Beautiful Progress Bar Free - CYKO/PROGRESS UI/bgArtboard 18.png using Guid(47c23340812b24864af395feca4c3a9d) Importer(815301076,1909f56bfc062723c751e8b465ee728b)  -> (artifact id: 'ee5dfe8d01cd3a8ed1869e67817a0fbb') in 0.010543 seconds 
========================================================================
Received Import Request.
  Time since last request: 0.000203 seconds.
  path: Assets/Beautiful Progress Bar Free - CYKO/PROGRESS UI/bgArtboard 42.png
  artifactKey: Guid(b2e758a1418924497983686386e18670) Importer(815301076,1909f56bfc062723c751e8b465ee728b)
Start importing Assets/Beautiful Progress Bar Free - CYKO/PROGRESS UI/bgArtboard 42.png using Guid(b2e758a1418924497983686386e18670) Importer(815301076,1909f56bfc062723c751e8b465ee728b)  -> (artifact id: 'e6195992854f225e10d5f4ce3829dbf8') in 0.010230 seconds 
========================================================================
Received Import Request.
  Time since last request: 0.000189 seconds.
  path: Assets/Beautiful Progress Bar Free - CYKO/PROGRESS UI/bgArtboard 39.png
  artifactKey: Guid(c745f69017b304c8b8730142416138bb) Importer(815301076,1909f56bfc062723c751e8b465ee728b)
Start importing Assets/Beautiful Progress Bar Free - CYKO/PROGRESS UI/bgArtboard 39.png using Guid(c745f69017b304c8b8730142416138bb) Importer(815301076,1909f56bfc062723c751e8b465ee728b)  -> (artifact id: 'f00692fb3156f6a199a95f73412c67fe') in 0.011394 seconds 
========================================================================
Received Import Request.
  Time since last request: 0.000171 seconds.
  path: Assets/Beautiful Progress Bar Free - CYKO/PROGRESS UI/bgArtboard 34.png
  artifactKey: Guid(7a84da28438df4023bffb3c96d3ebe5b) Importer(815301076,1909f56bfc062723c751e8b465ee728b)
Start importing Assets/Beautiful Progress Bar Free - CYKO/PROGRESS UI/bgArtboard 34.png using Guid(7a84da28438df4023bffb3c96d3ebe5b) Importer(815301076,1909f56bfc062723c751e8b465ee728b)  -> (artifact id: '97a20b710dd5f013fc252e42cef499ac') in 0.010297 seconds 
========================================================================
Received Import Request.
  Time since last request: 0.000250 seconds.
  path: Assets/Beautiful Progress Bar Free - CYKO/PROGRESS UI/bgArtboard 25.png
  artifactKey: Guid(4eb181a1475ba4975a040865b40948c2) Importer(815301076,1909f56bfc062723c751e8b465ee728b)
Start importing Assets/Beautiful Progress Bar Free - CYKO/PROGRESS UI/bgArtboard 25.png using Guid(4eb181a1475ba4975a040865b40948c2) Importer(815301076,1909f56bfc062723c751e8b465ee728b)  -> (artifact id: 'ce5fe6e4edaee8b8044e018c4f49a955') in 0.010020 seconds 
========================================================================
Received Import Request.
  Time since last request: 0.000234 seconds.
  path: Assets/Beautiful Progress Bar Free - CYKO/PROGRESS UI/bgArtboard 29.png
  artifactKey: Guid(07221909247fa4eb09dcc45e6316a8ce) Importer(815301076,1909f56bfc062723c751e8b465ee728b)
Start importing Assets/Beautiful Progress Bar Free - CYKO/PROGRESS UI/bgArtboard 29.png using Guid(07221909247fa4eb09dcc45e6316a8ce) Importer(815301076,1909f56bfc062723c751e8b465ee728b)  -> (artifact id: '34a4b5afcbefc67d5fcdee0f30eaf877') in 0.010252 seconds 
========================================================================
Received Import Request.
  Time since last request: 0.000170 seconds.
  path: Assets/Beautiful Progress Bar Free - CYKO/PROGRESS UI/bgArtboard 47.png
  artifactKey: Guid(9c6f9d49fa3ba4c60b5e69dc9a1a244d) Importer(815301076,1909f56bfc062723c751e8b465ee728b)
Start importing Assets/Beautiful Progress Bar Free - CYKO/PROGRESS UI/bgArtboard 47.png using Guid(9c6f9d49fa3ba4c60b5e69dc9a1a244d) Importer(815301076,1909f56bfc062723c751e8b465ee728b)  -> (artifact id: '5fe28a2e54a4aa7840c9b14e612b4ade') in 0.010685 seconds 
========================================================================
Received Import Request.
  Time since last request: 0.000233 seconds.
  path: Assets/Beautiful Progress Bar Free - CYKO/PROGRESS UI/bgArtboard 13.png
  artifactKey: Guid(366ae973f8f1141efac97c6186c6bff4) Importer(815301076,1909f56bfc062723c751e8b465ee728b)
Start importing Assets/Beautiful Progress Bar Free - CYKO/PROGRESS UI/bgArtboard 13.png using Guid(366ae973f8f1141efac97c6186c6bff4) Importer(815301076,1909f56bfc062723c751e8b465ee728b)  -> (artifact id: 'ae12d3f298747fa615c07741b896b5a6') in 0.010203 seconds 
========================================================================
Received Import Request.
  Time since last request: 0.000236 seconds.
  path: Assets/Beautiful Progress Bar Free - CYKO/PROGRESS UI/bgArtboard 53.png
  artifactKey: Guid(e6d4faad96fb94361b6ae09490fd01f3) Importer(815301076,1909f56bfc062723c751e8b465ee728b)
Start importing Assets/Beautiful Progress Bar Free - CYKO/PROGRESS UI/bgArtboard 53.png using Guid(e6d4faad96fb94361b6ae09490fd01f3) Importer(815301076,1909f56bfc062723c751e8b465ee728b)  -> (artifact id: '69db2c6dbcd1604d70d4052010fff888') in 0.010281 seconds 
========================================================================
Received Import Request.
  Time since last request: 0.000224 seconds.
  path: Assets/Beautiful Progress Bar Free - CYKO/PROGRESS UI/bgArtboard 15.png
  artifactKey: Guid(c1d124fb86fcc4ab68a16d67cf980633) Importer(815301076,1909f56bfc062723c751e8b465ee728b)
Start importing Assets/Beautiful Progress Bar Free - CYKO/PROGRESS UI/bgArtboard 15.png using Guid(c1d124fb86fcc4ab68a16d67cf980633) Importer(815301076,1909f56bfc062723c751e8b465ee728b)  -> (artifact id: '317bc0267009b09bedc774d45b8aaeda') in 0.010395 seconds 
========================================================================
Received Import Request.
  Time since last request: 0.000207 seconds.
  path: Assets/Beautiful Progress Bar Free - CYKO/PROGRESS UI/bgArtboard 40.png
  artifactKey: Guid(1908c45859d4044cc95a4a8dee62d532) Importer(815301076,1909f56bfc062723c751e8b465ee728b)
Start importing Assets/Beautiful Progress Bar Free - CYKO/PROGRESS UI/bgArtboard 40.png using Guid(1908c45859d4044cc95a4a8dee62d532) Importer(815301076,1909f56bfc062723c751e8b465ee728b)  -> (artifact id: '2b84f7d8200c24a771c62ef2982d4d47') in 0.011360 seconds 
========================================================================
Received Import Request.
  Time since last request: 0.000242 seconds.
  path: Assets/Beautiful Progress Bar Free - CYKO/PROGRESS UI/bgArtboard 30.png
  artifactKey: Guid(264504b4239034938bc38bf33b3bde94) Importer(815301076,1909f56bfc062723c751e8b465ee728b)
Start importing Assets/Beautiful Progress Bar Free - CYKO/PROGRESS UI/bgArtboard 30.png using Guid(264504b4239034938bc38bf33b3bde94) Importer(815301076,1909f56bfc062723c751e8b465ee728b)  -> (artifact id: '9be71cf37f2b0828867773bbc1d656bd') in 0.010277 seconds 
========================================================================
Received Import Request.
  Time since last request: 0.000202 seconds.
  path: Assets/Beautiful Progress Bar Free - CYKO/PROGRESS UI/bgArtboard 21.png
  artifactKey: Guid(b0dfaa4151f07448e8a666cb8109f323) Importer(815301076,1909f56bfc062723c751e8b465ee728b)
Start importing Assets/Beautiful Progress Bar Free - CYKO/PROGRESS UI/bgArtboard 21.png using Guid(b0dfaa4151f07448e8a666cb8109f323) Importer(815301076,1909f56bfc062723c751e8b465ee728b)  -> (artifact id: '465eede67c864fef495b3093367259d5') in 0.010449 seconds 
========================================================================
Received Import Request.
  Time since last request: 0.000233 seconds.
  path: Assets/Beautiful Progress Bar Free - CYKO/PROGRESS UI/bgArtboard 48.png
  artifactKey: Guid(eeea7cc2ad5aa4700bccaf811790a8bc) Importer(815301076,1909f56bfc062723c751e8b465ee728b)
Start importing Assets/Beautiful Progress Bar Free - CYKO/PROGRESS UI/bgArtboard 48.png using Guid(eeea7cc2ad5aa4700bccaf811790a8bc) Importer(815301076,1909f56bfc062723c751e8b465ee728b)  -> (artifact id: 'ec71084d212e60269e2fb903702aec59') in 0.013643 seconds 
========================================================================
Received Import Request.
  Time since last request: 0.000202 seconds.
  path: Assets/Beautiful Progress Bar Free - CYKO/PROGRESS UI/bgArtboard 37.png
  artifactKey: Guid(81729a213ccce424b8310109ddf1c54f) Importer(815301076,1909f56bfc062723c751e8b465ee728b)
Start importing Assets/Beautiful Progress Bar Free - CYKO/PROGRESS UI/bgArtboard 37.png using Guid(81729a213ccce424b8310109ddf1c54f) Importer(815301076,1909f56bfc062723c751e8b465ee728b)  -> (artifact id: '28b9d17006a32adcd27fcb5afc7b7ea6') in 0.011302 seconds 
========================================================================
Received Import Request.
  Time since last request: 0.000208 seconds.
  path: Assets/Beautiful Progress Bar Free - CYKO/PROGRESS UI/bgArtboard 19.png
  artifactKey: Guid(621bab10a94aa402db2ed03ef602338e) Importer(815301076,1909f56bfc062723c751e8b465ee728b)
Start importing Assets/Beautiful Progress Bar Free - CYKO/PROGRESS UI/bgArtboard 19.png using Guid(621bab10a94aa402db2ed03ef602338e) Importer(815301076,1909f56bfc062723c751e8b465ee728b)  -> (artifact id: '3bb1dbcaacc5ae1853428c3367d38dd3') in 0.010457 seconds 
========================================================================
Received Import Request.
  Time since last request: 0.000248 seconds.
  path: Assets/Beautiful Progress Bar Free - CYKO/PROGRESS UI/bgArtboard 49.png
  artifactKey: Guid(c9df77896e4114340969950f5407c7cc) Importer(815301076,1909f56bfc062723c751e8b465ee728b)
Start importing Assets/Beautiful Progress Bar Free - CYKO/PROGRESS UI/bgArtboard 49.png using Guid(c9df77896e4114340969950f5407c7cc) Importer(815301076,1909f56bfc062723c751e8b465ee728b)  -> (artifact id: 'f7ac5f6d3c7ad6de33b84ca7cb3b70d4') in 0.010791 seconds 
========================================================================
Received Prepare
Registering precompiled user dll's ...
Registered in 0.002515 seconds.
Begin MonoManager ReloadAssembly
Native extension for WindowsStandalone target not found
Native extension for WebGL target not found
Refreshing native plugins compatible for Editor in 0.36 ms, found 2 plugins.
Preloading 0 native plugins for Editor in 0.00 ms.
Mono: successfully reloaded assembly
- Completed reload, in  0.864 seconds
Domain Reload Profiling:
	ReloadAssembly (864ms)
		BeginReloadAssembly (99ms)
			ExecutionOrderSort (0ms)
			DisableScriptedObjects (4ms)
			BackupInstance (0ms)
			ReleaseScriptingObjects (0ms)
			CreateAndSetChildDomain (30ms)
		EndReloadAssembly (704ms)
			LoadAssemblies (83ms)
			RebuildTransferFunctionScriptingTraits (0ms)
			SetupTypeCache (234ms)
			ReleaseScriptCaches (1ms)
			RebuildScriptCaches (37ms)
			SetupLoadedEditorAssemblies (265ms)
				LogAssemblyErrors (0ms)
				InitializePlatformSupportModulesInManaged (9ms)
				SetLoadedEditorAssemblies (0ms)
				RefreshPlugins (0ms)
				BeforeProcessingInitializeOnLoad (52ms)
				ProcessInitializeOnLoadAttributes (187ms)
				ProcessInitializeOnLoadMethodAttributes (12ms)
				AfterProcessingInitializeOnLoad (4ms)
				EditorAssembliesLoaded (0ms)
			ExecutionOrderSort2 (0ms)
			AwakeInstancesAfterBackupRestoration (6ms)
Platform modules already initialized, skipping
Refreshing native plugins compatible for Editor in 0.78 ms, found 2 plugins.
Preloading 0 native plugins for Editor in 0.00 ms.
Unloading 1631 Unused Serialized files (Serialized files now loaded: 0)
System memory in use before: 77.6 MB.
System memory in use after: 77.7 MB.

Unloading 14 unused Assets to reduce memory usage. Loaded Objects now: 2095.
Total: 2.740000 ms (FindLiveObjects: 0.143000 ms CreateObjectMapping: 0.043600 ms MarkObjects: 2.392500 ms  DeleteObjects: 0.160000 ms)

AssetImportParameters requested are different than current active one (requested -> active):
  custom:framework-win-MediaFoundation: 216162199b28c13a410421893ffa2e32 -> 
  custom:video-decoder-ogg-theora: a1e56fd34408186e4bbccfd4996cb3dc -> 
  custom:container-muxer-webm: aa71ff27fc2769a1b78a27578f13a17b -> 
  custom:container-demuxer-webm: 4f35f7cbe854078d1ac9338744f61a02 -> 
  custom:container-demuxer-ogg: 62fdf1f143b41e24485cea50d1cbac27 -> 
  custom:video-encoder-webm-vp8: eb34c28f22e8b96e1ab97ce403110664 -> 
  custom:video-codec-MediaFoundation-h265: 746d11721c4dcdbdad8f713fa42b33f4 -> 
  custom:video-decoder-webm-vp8: 9c59270c3fd7afecdb556c50c9e8de78 -> 
  custom:audio-decoder-ogg-vorbis: bf7c407c2cedff20999df2af8eb42d56 -> 
  custom:audio-encoder-webm-vorbis: bf7c407c2cedff20999df2af8eb42d56 -> 
========================================================================
Received Prepare
Registering precompiled user dll's ...
Registered in 0.002528 seconds.
Begin MonoManager ReloadAssembly
Native extension for WindowsStandalone target not found
Native extension for WebGL target not found
Refreshing native plugins compatible for Editor in 0.35 ms, found 2 plugins.
Preloading 0 native plugins for Editor in 0.00 ms.
Mono: successfully reloaded assembly
- Completed reload, in  0.803 seconds
Domain Reload Profiling:
	ReloadAssembly (803ms)
		BeginReloadAssembly (93ms)
			ExecutionOrderSort (0ms)
			DisableScriptedObjects (4ms)
			BackupInstance (0ms)
			ReleaseScriptingObjects (0ms)
			CreateAndSetChildDomain (27ms)
		EndReloadAssembly (654ms)
			LoadAssemblies (78ms)
			RebuildTransferFunctionScriptingTraits (0ms)
			SetupTypeCache (226ms)
			ReleaseScriptCaches (1ms)
			RebuildScriptCaches (34ms)
			SetupLoadedEditorAssemblies (239ms)
				LogAssemblyErrors (0ms)
				InitializePlatformSupportModulesInManaged (5ms)
				SetLoadedEditorAssemblies (0ms)
				RefreshPlugins (0ms)
				BeforeProcessingInitializeOnLoad (45ms)
				ProcessInitializeOnLoadAttributes (174ms)
				ProcessInitializeOnLoadMethodAttributes (10ms)
				AfterProcessingInitializeOnLoad (4ms)
				EditorAssembliesLoaded (0ms)
			ExecutionOrderSort2 (0ms)
			AwakeInstancesAfterBackupRestoration (5ms)
Platform modules already initialized, skipping
Refreshing native plugins compatible for Editor in 0.35 ms, found 2 plugins.
Preloading 0 native plugins for Editor in 0.00 ms.
Unloading 1631 Unused Serialized files (Serialized files now loaded: 0)
System memory in use before: 77.6 MB.
System memory in use after: 77.7 MB.

Unloading 14 unused Assets to reduce memory usage. Loaded Objects now: 2098.
Total: 2.408500 ms (FindLiveObjects: 0.125500 ms CreateObjectMapping: 0.040600 ms MarkObjects: 2.192600 ms  DeleteObjects: 0.049200 ms)

AssetImportParameters requested are different than current active one (requested -> active):
  custom:framework-win-MediaFoundation: 216162199b28c13a410421893ffa2e32 -> 
  custom:video-decoder-ogg-theora: a1e56fd34408186e4bbccfd4996cb3dc -> 
  custom:container-muxer-webm: aa71ff27fc2769a1b78a27578f13a17b -> 
  custom:container-demuxer-webm: 4f35f7cbe854078d1ac9338744f61a02 -> 
  custom:container-demuxer-ogg: 62fdf1f143b41e24485cea50d1cbac27 -> 
  custom:video-encoder-webm-vp8: eb34c28f22e8b96e1ab97ce403110664 -> 
  custom:video-codec-MediaFoundation-h265: 746d11721c4dcdbdad8f713fa42b33f4 -> 
  custom:video-decoder-webm-vp8: 9c59270c3fd7afecdb556c50c9e8de78 -> 
  custom:audio-decoder-ogg-vorbis: bf7c407c2cedff20999df2af8eb42d56 -> 
  custom:audio-encoder-webm-vorbis: bf7c407c2cedff20999df2af8eb42d56 -> 
========================================================================
Received Prepare
Registering precompiled user dll's ...
Registered in 0.002389 seconds.
Begin MonoManager ReloadAssembly
Native extension for WindowsStandalone target not found
Native extension for WebGL target not found
Refreshing native plugins compatible for Editor in 0.35 ms, found 2 plugins.
Preloading 0 native plugins for Editor in 0.00 ms.
Mono: successfully reloaded assembly
- Completed reload, in  0.804 seconds
Domain Reload Profiling:
	ReloadAssembly (804ms)
		BeginReloadAssembly (96ms)
			ExecutionOrderSort (0ms)
			DisableScriptedObjects (4ms)
			BackupInstance (0ms)
			ReleaseScriptingObjects (0ms)
			CreateAndSetChildDomain (32ms)
		EndReloadAssembly (651ms)
			LoadAssemblies (74ms)
			RebuildTransferFunctionScriptingTraits (0ms)
			SetupTypeCache (228ms)
			ReleaseScriptCaches (1ms)
			RebuildScriptCaches (40ms)
			SetupLoadedEditorAssemblies (234ms)
				LogAssemblyErrors (0ms)
				InitializePlatformSupportModulesInManaged (5ms)
				SetLoadedEditorAssemblies (0ms)
				RefreshPlugins (0ms)
				BeforeProcessingInitializeOnLoad (44ms)
				ProcessInitializeOnLoadAttributes (170ms)
				ProcessInitializeOnLoadMethodAttributes (10ms)
				AfterProcessingInitializeOnLoad (4ms)
				EditorAssembliesLoaded (0ms)
			ExecutionOrderSort2 (0ms)
			AwakeInstancesAfterBackupRestoration (5ms)
Platform modules already initialized, skipping
Refreshing native plugins compatible for Editor in 0.35 ms, found 2 plugins.
Preloading 0 native plugins for Editor in 0.00 ms.
Unloading 1631 Unused Serialized files (Serialized files now loaded: 0)
System memory in use before: 77.6 MB.
System memory in use after: 77.7 MB.

Unloading 14 unused Assets to reduce memory usage. Loaded Objects now: 2101.
Total: 2.413000 ms (FindLiveObjects: 0.127200 ms CreateObjectMapping: 0.045700 ms MarkObjects: 2.190400 ms  DeleteObjects: 0.049000 ms)

AssetImportParameters requested are different than current active one (requested -> active):
  custom:framework-win-MediaFoundation: 216162199b28c13a410421893ffa2e32 -> 
  custom:video-decoder-ogg-theora: a1e56fd34408186e4bbccfd4996cb3dc -> 
  custom:container-muxer-webm: aa71ff27fc2769a1b78a27578f13a17b -> 
  custom:container-demuxer-webm: 4f35f7cbe854078d1ac9338744f61a02 -> 
  custom:container-demuxer-ogg: 62fdf1f143b41e24485cea50d1cbac27 -> 
  custom:video-encoder-webm-vp8: eb34c28f22e8b96e1ab97ce403110664 -> 
  custom:video-codec-MediaFoundation-h265: 746d11721c4dcdbdad8f713fa42b33f4 -> 
  custom:video-decoder-webm-vp8: 9c59270c3fd7afecdb556c50c9e8de78 -> 
  custom:audio-decoder-ogg-vorbis: bf7c407c2cedff20999df2af8eb42d56 -> 
  custom:audio-encoder-webm-vorbis: bf7c407c2cedff20999df2af8eb42d56 -> 
========================================================================
Received Prepare
Registering precompiled user dll's ...
Registered in 0.002338 seconds.
Begin MonoManager ReloadAssembly
Native extension for WindowsStandalone target not found
Native extension for WebGL target not found
Refreshing native plugins compatible for Editor in 0.35 ms, found 2 plugins.
Preloading 0 native plugins for Editor in 0.00 ms.
Mono: successfully reloaded assembly
- Completed reload, in  0.773 seconds
Domain Reload Profiling:
	ReloadAssembly (773ms)
		BeginReloadAssembly (89ms)
			ExecutionOrderSort (0ms)
			DisableScriptedObjects (4ms)
			BackupInstance (0ms)
			ReleaseScriptingObjects (0ms)
			CreateAndSetChildDomain (24ms)
		EndReloadAssembly (634ms)
			LoadAssemblies (73ms)
			RebuildTransferFunctionScriptingTraits (0ms)
			SetupTypeCache (221ms)
			ReleaseScriptCaches (1ms)
			RebuildScriptCaches (33ms)
			SetupLoadedEditorAssemblies (231ms)
				LogAssemblyErrors (0ms)
				InitializePlatformSupportModulesInManaged (4ms)
				SetLoadedEditorAssemblies (0ms)
				RefreshPlugins (0ms)
				BeforeProcessingInitializeOnLoad (44ms)
				ProcessInitializeOnLoadAttributes (167ms)
				ProcessInitializeOnLoadMethodAttributes (11ms)
				AfterProcessingInitializeOnLoad (4ms)
				EditorAssembliesLoaded (0ms)
			ExecutionOrderSort2 (0ms)
			AwakeInstancesAfterBackupRestoration (5ms)
Platform modules already initialized, skipping
Refreshing native plugins compatible for Editor in 0.35 ms, found 2 plugins.
Preloading 0 native plugins for Editor in 0.00 ms.
Unloading 1631 Unused Serialized files (Serialized files now loaded: 0)
System memory in use before: 77.6 MB.
System memory in use after: 77.7 MB.

Unloading 14 unused Assets to reduce memory usage. Loaded Objects now: 2104.
Total: 2.628000 ms (FindLiveObjects: 0.121800 ms CreateObjectMapping: 0.046000 ms MarkObjects: 2.411400 ms  DeleteObjects: 0.048200 ms)

AssetImportParameters requested are different than current active one (requested -> active):
  custom:framework-win-MediaFoundation: 216162199b28c13a410421893ffa2e32 -> 
  custom:video-decoder-ogg-theora: a1e56fd34408186e4bbccfd4996cb3dc -> 
  custom:container-muxer-webm: aa71ff27fc2769a1b78a27578f13a17b -> 
  custom:container-demuxer-webm: 4f35f7cbe854078d1ac9338744f61a02 -> 
  custom:container-demuxer-ogg: 62fdf1f143b41e24485cea50d1cbac27 -> 
  custom:video-encoder-webm-vp8: eb34c28f22e8b96e1ab97ce403110664 -> 
  custom:video-codec-MediaFoundation-h265: 746d11721c4dcdbdad8f713fa42b33f4 -> 
  custom:video-decoder-webm-vp8: 9c59270c3fd7afecdb556c50c9e8de78 -> 
  custom:audio-decoder-ogg-vorbis: bf7c407c2cedff20999df2af8eb42d56 -> 
  custom:audio-encoder-webm-vorbis: bf7c407c2cedff20999df2af8eb42d56 -> 
========================================================================
Received Import Request.
  Time since last request: 1437.626850 seconds.
  path: Assets/Scripts/animatorplay.cs
  artifactKey: Guid(32818010dc94552448ae5bcc560e71d0) Importer(815301076,1909f56bfc062723c751e8b465ee728b)
Start importing Assets/Scripts/animatorplay.cs using Guid(32818010dc94552448ae5bcc560e71d0) Importer(815301076,1909f56bfc062723c751e8b465ee728b)  -> (artifact id: '3985923ac91979529bea56720603e125') in 0.004270 seconds 
========================================================================
Received Prepare
Registering precompiled user dll's ...
Registered in 0.002576 seconds.
Begin MonoManager ReloadAssembly
Native extension for WindowsStandalone target not found
Native extension for WebGL target not found
Refreshing native plugins compatible for Editor in 0.35 ms, found 2 plugins.
Preloading 0 native plugins for Editor in 0.00 ms.
Mono: successfully reloaded assembly
- Completed reload, in  0.788 seconds
Domain Reload Profiling:
	ReloadAssembly (788ms)
		BeginReloadAssembly (90ms)
			ExecutionOrderSort (0ms)
			DisableScriptedObjects (4ms)
			BackupInstance (0ms)
			ReleaseScriptingObjects (0ms)
			CreateAndSetChildDomain (25ms)
		EndReloadAssembly (643ms)
			LoadAssemblies (73ms)
			RebuildTransferFunctionScriptingTraits (0ms)
			SetupTypeCache (228ms)
			ReleaseScriptCaches (1ms)
			RebuildScriptCaches (34ms)
			SetupLoadedEditorAssemblies (231ms)
				LogAssemblyErrors (0ms)
				InitializePlatformSupportModulesInManaged (4ms)
				SetLoadedEditorAssemblies (0ms)
				RefreshPlugins (0ms)
				BeforeProcessingInitializeOnLoad (44ms)
				ProcessInitializeOnLoadAttributes (167ms)
				ProcessInitializeOnLoadMethodAttributes (10ms)
				AfterProcessingInitializeOnLoad (4ms)
				EditorAssembliesLoaded (0ms)
			ExecutionOrderSort2 (0ms)
			AwakeInstancesAfterBackupRestoration (6ms)
Platform modules already initialized, skipping
Refreshing native plugins compatible for Editor in 0.35 ms, found 2 plugins.
Preloading 0 native plugins for Editor in 0.00 ms.
Unloading 1631 Unused Serialized files (Serialized files now loaded: 0)
System memory in use before: 77.6 MB.
System memory in use after: 77.7 MB.

Unloading 14 unused Assets to reduce memory usage. Loaded Objects now: 2107.
Total: 2.592900 ms (FindLiveObjects: 0.135100 ms CreateObjectMapping: 0.046800 ms MarkObjects: 2.362100 ms  DeleteObjects: 0.048000 ms)

AssetImportParameters requested are different than current active one (requested -> active):
  custom:framework-win-MediaFoundation: 216162199b28c13a410421893ffa2e32 -> 
  custom:video-decoder-ogg-theora: a1e56fd34408186e4bbccfd4996cb3dc -> 
  custom:container-muxer-webm: aa71ff27fc2769a1b78a27578f13a17b -> 
  custom:container-demuxer-webm: 4f35f7cbe854078d1ac9338744f61a02 -> 
  custom:container-demuxer-ogg: 62fdf1f143b41e24485cea50d1cbac27 -> 
  custom:video-encoder-webm-vp8: eb34c28f22e8b96e1ab97ce403110664 -> 
  custom:video-codec-MediaFoundation-h265: 746d11721c4dcdbdad8f713fa42b33f4 -> 
  custom:video-decoder-webm-vp8: 9c59270c3fd7afecdb556c50c9e8de78 -> 
  custom:audio-decoder-ogg-vorbis: bf7c407c2cedff20999df2af8eb42d56 -> 
  custom:audio-encoder-webm-vorbis: bf7c407c2cedff20999df2af8eb42d56 -> 
========================================================================
Received Import Request.
  Time since last request: 71.549521 seconds.
  path: Assets/Scripts/animatorplay.cs
  artifactKey: Guid(32818010dc94552448ae5bcc560e71d0) Importer(815301076,1909f56bfc062723c751e8b465ee728b)
Start importing Assets/Scripts/animatorplay.cs using Guid(32818010dc94552448ae5bcc560e71d0) Importer(815301076,1909f56bfc062723c751e8b465ee728b)  -> (artifact id: '63583d9cabeaf20b563600edab2aaed8') in 0.003722 seconds 
========================================================================
Received Prepare
Registering precompiled user dll's ...
Registered in 0.002516 seconds.
Begin MonoManager ReloadAssembly
Native extension for WindowsStandalone target not found
Native extension for WebGL target not found
Refreshing native plugins compatible for Editor in 0.36 ms, found 2 plugins.
Preloading 0 native plugins for Editor in 0.00 ms.
Mono: successfully reloaded assembly
- Completed reload, in  0.893 seconds
Domain Reload Profiling:
	ReloadAssembly (893ms)
		BeginReloadAssembly (101ms)
			ExecutionOrderSort (0ms)
			DisableScriptedObjects (5ms)
			BackupInstance (0ms)
			ReleaseScriptingObjects (0ms)
			CreateAndSetChildDomain (27ms)
		EndReloadAssembly (735ms)
			LoadAssemblies (85ms)
			RebuildTransferFunctionScriptingTraits (0ms)
			SetupTypeCache (256ms)
			ReleaseScriptCaches (1ms)
			RebuildScriptCaches (37ms)
			SetupLoadedEditorAssemblies (271ms)
				LogAssemblyErrors (0ms)
				InitializePlatformSupportModulesInManaged (5ms)
				SetLoadedEditorAssemblies (0ms)
				RefreshPlugins (0ms)
				BeforeProcessingInitializeOnLoad (53ms)
				ProcessInitializeOnLoadAttributes (195ms)
				ProcessInitializeOnLoadMethodAttributes (14ms)
				AfterProcessingInitializeOnLoad (4ms)
				EditorAssembliesLoaded (0ms)
			ExecutionOrderSort2 (0ms)
			AwakeInstancesAfterBackupRestoration (6ms)
Platform modules already initialized, skipping
Refreshing native plugins compatible for Editor in 0.51 ms, found 2 plugins.
Preloading 0 native plugins for Editor in 0.00 ms.
Unloading 1631 Unused Serialized files (Serialized files now loaded: 0)
System memory in use before: 77.6 MB.
System memory in use after: 77.7 MB.

Unloading 14 unused Assets to reduce memory usage. Loaded Objects now: 2110.
Total: 2.590500 ms (FindLiveObjects: 0.120700 ms CreateObjectMapping: 0.047900 ms MarkObjects: 2.370500 ms  DeleteObjects: 0.050600 ms)

AssetImportParameters requested are different than current active one (requested -> active):
  custom:framework-win-MediaFoundation: 216162199b28c13a410421893ffa2e32 -> 
  custom:video-decoder-ogg-theora: a1e56fd34408186e4bbccfd4996cb3dc -> 
  custom:container-muxer-webm: aa71ff27fc2769a1b78a27578f13a17b -> 
  custom:container-demuxer-webm: 4f35f7cbe854078d1ac9338744f61a02 -> 
  custom:container-demuxer-ogg: 62fdf1f143b41e24485cea50d1cbac27 -> 
  custom:video-encoder-webm-vp8: eb34c28f22e8b96e1ab97ce403110664 -> 
  custom:video-codec-MediaFoundation-h265: 746d11721c4dcdbdad8f713fa42b33f4 -> 
  custom:video-decoder-webm-vp8: 9c59270c3fd7afecdb556c50c9e8de78 -> 
  custom:audio-decoder-ogg-vorbis: bf7c407c2cedff20999df2af8eb42d56 -> 
  custom:audio-encoder-webm-vorbis: bf7c407c2cedff20999df2af8eb42d56 -> 
AssetImportWorkerClient::OnTransportError - code=2 error=End of file
